<?xml version="1.0" encoding="UTF-8"?>
<testng-results ignored="0" total="3" passed="3" failed="0" skipped="0">
  <reporter-output>
  </reporter-output>
  <suite started-at="2022-07-20T13:40:04 IST" name="Default suite" finished-at="2022-07-20T13:41:20 IST" duration-ms="76104">
    <groups>
    </groups>
    <test started-at="2022-07-20T13:40:04 IST" name="Default test" finished-at="2022-07-20T13:41:20 IST" duration-ms="76104">
      <class name="com.banking.testcases.TestCases">
        <test-method is-config="true" signature="setUp()[pri:0, instance:com.banking.testcases.TestCases@10d307f1]" started-at="2022-07-20T13:40:04 IST" name="setUp" finished-at="2022-07-20T13:40:16 IST" duration-ms="11211" status="PASS">
          <reporter-output>
          </reporter-output>
        </test-method> <!-- setUp -->
        <test-method signature="login()[pri:1, instance:com.banking.testcases.TestCases@10d307f1]" started-at="2022-07-20T13:40:16 IST" name="login" finished-at="2022-07-20T13:40:37 IST" duration-ms="21495" status="PASS">
          <reporter-output>
          </reporter-output>
        </test-method> <!-- login -->
        <test-method is-config="true" signature="teardownMethod(org.testng.ITestResult)[pri:0, instance:com.banking.testcases.TestCases@10d307f1]" started-at="2022-07-20T13:40:37 IST" name="teardownMethod" finished-at="2022-07-20T13:40:42 IST" duration-ms="5304" status="PASS">
          <params>
            <param index="0">
              <value>
                <![CDATA[[TestResult name=login status=SUCCESS method=TestCases.login()[pri:1, instance:com.banking.testcases.TestCases@10d307f1] output={null}]]]>
              </value>
            </param>
          </params>
          <reporter-output>
          </reporter-output>
        </test-method> <!-- teardownMethod -->
        <test-method signature="newcustomer()[pri:2, instance:com.banking.testcases.TestCases@10d307f1]" started-at="2022-07-20T13:40:42 IST" name="newcustomer" finished-at="2022-07-20T13:41:03 IST" duration-ms="20239" status="PASS">
          <reporter-output>
          </reporter-output>
        </test-method> <!-- newcustomer -->
        <test-method is-config="true" signature="teardownMethod(org.testng.ITestResult)[pri:0, instance:com.banking.testcases.TestCases@10d307f1]" started-at="2022-07-20T13:41:03 IST" name="teardownMethod" finished-at="2022-07-20T13:41:07 IST" duration-ms="4317" status="PASS">
          <params>
            <param index="0">
              <value>
                <![CDATA[[TestResult name=newcustomer status=SUCCESS method=TestCases.newcustomer()[pri:2, instance:com.banking.testcases.TestCases@10d307f1] output={null}]]]>
              </value>
            </param>
          </params>
          <reporter-output>
          </reporter-output>
        </test-method> <!-- teardownMethod -->
        <test-method signature="addaccount()[pri:3, instance:com.banking.testcases.TestCases@10d307f1]" started-at="2022-07-20T13:41:07 IST" name="addaccount" finished-at="2022-07-20T13:41:16 IST" duration-ms="8528" status="PASS">
          <reporter-output>
          </reporter-output>
        </test-method> <!-- addaccount -->
        <test-method is-config="true" signature="teardownMethod(org.testng.ITestResult)[pri:0, instance:com.banking.testcases.TestCases@10d307f1]" started-at="2022-07-20T13:41:16 IST" name="teardownMethod" finished-at="2022-07-20T13:41:20 IST" duration-ms="4282" status="PASS">
          <params>
            <param index="0">
              <value>
                <![CDATA[[TestResult name=addaccount status=SUCCESS method=TestCases.addaccount()[pri:3, instance:com.banking.testcases.TestCases@10d307f1] output={null}]]]>
              </value>
            </param>
          </params>
          <reporter-output>
          </reporter-output>
        </test-method> <!-- teardownMethod -->
        <test-method is-config="true" signature="tearDown()[pri:0, instance:com.banking.testcases.TestCases@10d307f1]" started-at="2022-07-20T13:41:20 IST" name="tearDown" finished-at="2022-07-20T13:41:20 IST" duration-ms="610" status="PASS">
          <reporter-output>
          </reporter-output>
        </test-method> <!-- tearDown -->
      </class> <!-- com.banking.testcases.TestCases -->
    </test> <!-- Default test -->
  </suite> <!-- Default suite -->
</testng-results>
