<?xml version="1.0" encoding="UTF-8"?>
<!-- Generated by org.testng.reporters.JUnitXMLReporter -->
<testsuite ignored="0" hostname="LAPTOP-HID1OCBH" failures="0" tests="3" name="Default test" time="76.104" errors="0" timestamp="2022-07-20T13:41:20 IST">
  <testcase classname="com.banking.testcases.TestCases" name="login" time="21.495"/>
  <testcase classname="com.banking.testcases.TestCases" name="newcustomer" time="20.239"/>
  <testcase classname="com.banking.testcases.TestCases" name="addaccount" time="8.528"/>
</testsuite> <!-- Default test -->
